C51 COMPILER V9.02   C8051_SMBUSSPY                                                        05/20/2014 11:03:50 PAGE 1   


C51 COMPILER V9.02, COMPILATION OF MODULE C8051_SMBUSSPY
OBJECT MODULE PLACED IN C8051_SMBusSpy.OBJ
COMPILER INVOKED BY: C:\Keil\C51\BIN\C51.EXE C8051_SMBusSpy.c LARGE OPTIMIZE(0,SPEED) BROWSE DEBUG OBJECTEXTEND

line level    source

   1          // code by ntu ael
   2          
   3          #include <c8051F120.h>
   4          
   5          void SMBus_setGeneralReceiver(char enable) {
   6   1        char SFRPAGE_SAVE = SFRPAGE;
   7   1        SFRPAGE = SMB0_PAGE;
   8   1        if (enable)
   9   1          SMB0ADR |= 1;
  10   1        else
  11   1          SMB0ADR &= 0xfe;
  12   1        SFRPAGE = SFRPAGE_SAVE;
  13   1      }
  14          
  15          // char SMBus_isGeneralReceiver() := SMB0ADR & 1;


MODULE INFORMATION:   STATIC OVERLAYABLE
   CODE SIZE        =     38    ----
   CONSTANT SIZE    =   ----    ----
   XDATA SIZE       =      2    ----
   PDATA SIZE       =   ----    ----
   DATA SIZE        =   ----    ----
   IDATA SIZE       =   ----    ----
   BIT SIZE         =   ----    ----
END OF MODULE INFORMATION.


C51 COMPILATION COMPLETE.  0 WARNING(S),  0 ERROR(S)
