C51 COMPILER V9.02   C8051_PCA0                                                            01/27/2013 21:18:51 PAGE 1   


C51 COMPILER V9.02, COMPILATION OF MODULE C8051_PCA0
OBJECT MODULE PLACED IN C8051_pca0.OBJ
COMPILER INVOKED BY: C:\Keil\C51\BIN\C51.EXE C8051_pca0.c LARGE OPTIMIZE(0,SIZE) BROWSE DEBUG OBJECTEXTEND

line level    source

   1          // code by ntu ael
   2          
   3          #include <c8051F120.h>
   4          #include "C8051_pca0.h"
   5          
   6          void PCA0_init(char p_PCA0MD, char (*pca_cpm_config)(void)) {
   7   1        char SFRPAGE_SAVE = SFRPAGE;
   8   1        char ei;
   9   1        SFRPAGE = PCA0_PAGE;
  10   1        //Stop counter; clear all flags
  11   1        PCA0CN = 0x00;
  12   1        PCA0MD = p_PCA0MD;
  13   1      //  PCA0MD = 0x01;
  14   1        //Modules 0,1,2,3,4 = 8-bit PWM mode
  15   1        ei = pca_cpm_config();
  16   1      
  17   1        //Start PCA counter
  18   1        CR = 1;
  19   1        //Enable PCA interrupts
  20   1        if (ei)
  21   1          EIE1 |= 0x08;
  22   1        else
  23   1          EIE1 &= 0xF7;
  24   1        // EIP1 &= 0xF7; //set PCA counter to be low priority
  25   1        SFRPAGE = SFRPAGE_SAVE;
  26   1      }
  27          
  28          void PCA0_setCPM(char channel, char config) {
  29   1        switch (channel) {
  30   2        case 0:
  31   2          PCA0CPM0 = config;
  32   2          break;
  33   2        case 1:
  34   2          PCA0CPM1 = config;
  35   2          break;
  36   2        case 2:
  37   2          PCA0CPM2 = config;
  38   2          break;
  39   2        case 3:
  40   2          PCA0CPM3 = config;
  41   2          break;
  42   2        case 4:
  43   2          PCA0CPM4 = config;
  44   2          break;
  45   2        case 5:
  46   2          PCA0CPM5 = config;
  47   2          break;
  48   2        }
  49   1      }
  50          
  51          #define PCA0_REGISTER_UPDATE(n) \
  52            if (value == 0) { \
  53              PCA0CPM##n &= 0xBD; \
  54            } else { \
  55              PCA0CPM##n |= 0x42; \
C51 COMPILER V9.02   C8051_PCA0                                                            01/27/2013 21:18:51 PAGE 2   

  56              PCA0CPH##n = - value - 1; \
  57            }
  58          
  59          void PCA0_setDutyCycle(char channel, char value) {
  60   1        char SFRPAGE_SAVE = SFRPAGE;
  61   1        SFRPAGE = PCA0_PAGE;
  62   1        switch (channel) {
  63   2        case 0:
  64   2          PCA0_REGISTER_UPDATE(0)
  65   2          break;
  66   2        case 1:
  67   2          PCA0_REGISTER_UPDATE(1)
  68   2          break;
  69   2        case 2:
  70   2          PCA0_REGISTER_UPDATE(2)
  71   2          break;
  72   2        case 3:
  73   2          PCA0_REGISTER_UPDATE(3)
  74   2          break;
  75   2        case 4:
  76   2          PCA0_REGISTER_UPDATE(4)
  77   2          break;
  78   2        case 5:
  79   2          PCA0_REGISTER_UPDATE(5)
  80   2          break;
  81   2        }
  82   1        SFRPAGE = SFRPAGE_SAVE;
  83   1      }
  84          


MODULE INFORMATION:   STATIC OVERLAYABLE
   CODE SIZE        =    392    ----
   CONSTANT SIZE    =   ----    ----
   XDATA SIZE       =     11    ----
   PDATA SIZE       =   ----    ----
   DATA SIZE        =   ----    ----
   IDATA SIZE       =   ----    ----
   BIT SIZE         =   ----    ----
END OF MODULE INFORMATION.


C51 COMPILATION COMPLETE.  0 WARNING(S),  0 ERROR(S)
