C51 COMPILER V9.02   OBDH_SYSTEMINIT                                                       05/20/2014 11:03:52 PAGE 1   


C51 COMPILER V9.02, COMPILATION OF MODULE OBDH_SYSTEMINIT
OBJECT MODULE PLACED IN obdh_systeminit.OBJ
COMPILER INVOKED BY: C:\Keil\C51\BIN\C51.EXE obdh_systeminit.c LARGE OPTIMIZE(0,SPEED) BROWSE DEBUG OBJECTEXTEND

line level    source

   1          // code by ntu ael
   2          
   3          #include <c8051f120.h>
   4          
   5          #include "C8051_adc.h"
   6          #include "C8051_delay.h"
   7          #include "C8051_extern_int.h"
   8          #include "C8051_mcutemp.h"
   9          #include "C8051_oscillator.h"
  10          #include "C8051_pca0.h"
  11          #include "C8051_SMBus.h"
  12          #include "C8051_SMBusSpy.h"
  13          #include "C8051_SMBusTimer3.h"
  14          #include "C8051_SPI0_shared.h"
  15          #include "C8051_UART1Timer1.h"
  16          #include "C8051_UART0Timer4.h"
  17          #include "C8051_watchdog.h"
  18          
  19          #include "Velox_meta.h"
  20          
  21          #include "obdh_constant.h"
  22          #include "obdh_timer.h"
  23          #include "obdh_systemconfig.h"
  24          
  25          #include "shared_general.h"
  26          
  27          void SystemInit_chip(OscGear oscGear) {
  28   1        EA = 0;
  29   1        EA = 0; // this is a dummy instruction with two-byte opcode. do not remove
  30   1      
  31   1        Oscillator_init(oscGear); //Initialize with gear4
  32   1        Meta_init(); // required for chip_meta.systemFreq
  33   1      
  34   1        // --- c8051
  35   1        SPI0_init(chip_meta.systemFreq, F_SCK_MAX, SPI0_CONFIG, SPI0_TIMEOUT);
  36   1        Timer0_init(chip_meta.systemFreq, System_getCKCON(oscGear)); // used for watchdog and various delays
  37   1        UART1Timer1_init(chip_meta.systemFreq, System_getT1Prescaler(oscGear), BAUDRATE_1); // used for UART1 ba
             -udrate generator
  38   1        Timer2_init(chip_meta.systemFreq); // not used, but initialized to prevent floating state
  39   1        UART0Timer4_init(chip_meta.systemFreq, BAUDRATE_0); // used for UART0 baudrate generator
  40   1        ADC0_init(chip_meta.systemFreq, VREF_MV);
  41   1        SMBus_init(OBDH_ADDRESS, chip_meta.systemFreq);
  42   1        SMBusTimer3_init(chip_meta.systemFreq); // Initialize Timer 3: used for I2C SCL timeout (SMBus)
  43   1      
  44   1        EA = 1;
  45   1      }


MODULE INFORMATION:   STATIC OVERLAYABLE
   CODE SIZE        =    296    ----
   CONSTANT SIZE    =   ----    ----
   XDATA SIZE       =      1    ----
   PDATA SIZE       =   ----    ----
   DATA SIZE        =   ----    ----
   IDATA SIZE       =   ----    ----
C51 COMPILER V9.02   OBDH_SYSTEMINIT                                                       05/20/2014 11:03:52 PAGE 2   

   BIT SIZE         =   ----    ----
END OF MODULE INFORMATION.


C51 COMPILATION COMPLETE.  0 WARNING(S),  0 ERROR(S)
