C51 COMPILER V9.02   OBDH_DEBUG                                                            05/20/2014 11:03:51 PAGE 1   


C51 COMPILER V9.02, COMPILATION OF MODULE OBDH_DEBUG
OBJECT MODULE PLACED IN obdh_debug.OBJ
COMPILER INVOKED BY: C:\Keil\C51\BIN\C51.EXE obdh_debug.c LARGE OPTIMIZE(0,SPEED) BROWSE DEBUG OBJECTEXTEND

line level    source

   1          // code by ntu ael
   2          
   3          #include <c8051F120.h>
   4          #include <string.h>
   5          #include <stdio.h>
   6          
   7          #include "shared_general.h"
   8          #include "shared_obdh.h"
   9          
  10          #include "Velox_timertask.h"
  11          #include "Velox_watchdog.h"
  12          #include "Velox_macros.h"
  13          
  14          #include "mccif_buffer.h"
  15          #include "mccif_local.h"
  16          #include "mccif_xdata.h"
  17          
  18          #include "comm_generic.h"
  19          
  20          #include "obdh_cqt.h"
  21          #include "obdh_globalvariables.h"
  22          #include "obdh_constant.h"
  23          #include "obdh_recon.h"
  24          #include "obdh_schedule.h"
  25          
  26          extern Timertask g_task_mccif;
  27          
  28          char debug_container[32];
  29          volatile char debug_index;
  30          
  31          void Debug_init() {
  32   1        Mccif_localInit(MCCIF_UART, OBDH_ADDRESS);
  33   1        Mccif_setBuffer(debug_container, sizeof debug_container);
  34   1        Timertask_setRepeated(&g_task_mccif, 173); // large enough // 329
  35   1        debug_index = -1; // -1 so that first print index is 0
  36   1      }
  37          
  38          void Debug_loopDownlink() {
  39   1        char index;
  40   1        if (Timertask_isReady(&g_task_mccif))
  41   1          if (Recon_isDebugPrintEnabled())
  42   1            for (index = 0; index < XDATSEG_NUMEL; ++index) { // loop instead of a while to ensure will quit
  43   2              ++debug_index;
  44   2              debug_index %= XDATSEG_NUMEL;
  45   2              if (!debug_index)
  46   2                Mccif_localSend(XDATA_OBDH_PAS_OFFSET, XDATA_OBDH_PAS_LENGTH, xdata_txbuffer); // frame must not
             - be visible via radio hk
  47   2              if (OBDH_ADDRESS == xdatSeg[debug_index].system) {
  48   3                Mccif_localSend(xdatSeg[debug_index].offset, xdatSeg[debug_index].length, xdata_txbuffer);
  49   3                break;
  50   3              }
  51   2            }
  52   1      }


C51 COMPILER V9.02   OBDH_DEBUG                                                            05/20/2014 11:03:51 PAGE 2   

MODULE INFORMATION:   STATIC OVERLAYABLE
   CODE SIZE        =    274    ----
   CONSTANT SIZE    =   ----    ----
   XDATA SIZE       =     34    ----
   PDATA SIZE       =   ----    ----
   DATA SIZE        =   ----    ----
   IDATA SIZE       =   ----    ----
   BIT SIZE         =   ----    ----
END OF MODULE INFORMATION.


C51 COMPILATION COMPLETE.  0 WARNING(S),  0 ERROR(S)
