C51 COMPILER V9.02   PWRS_CALIBRATION                                                      12/28/2012 14:31:20 PAGE 1   


C51 COMPILER V9.02, COMPILATION OF MODULE PWRS_CALIBRATION
OBJECT MODULE PLACED IN PWRS_calibration.OBJ
COMPILER INVOKED BY: C:\Keil\C51\BIN\C51.EXE PWRS_calibration.c LARGE OPTIMIZE(0,SIZE) BROWSE DEBUG OBJECTEXTEND

line level    source

   1          // code by ntu ael
   2          
   3          #include <c8051f120.h>
   4          #include <string.h>
   5          #include "Velox_eeprom.h" // for testing charlin's raid library
   6          #include "Velox_checksum.h"
   7          #include "Velox_raid.h"
   8          #include "PWRS_main.h"
   9          #include "PWRS_extern_data.h"
  10          #include "PWRS_calibration.h"
  11          #include "PWRS_constant.h"
  12          #include "PWRS_reset.h"
  13          
  14          struct Calibration fm_Calibration;
  15          
  16          void Calibration_handler() {
  17   1      // process actions from outside
  18   1        switch (g_c_RAID_ACTION) {
  19   2        case 0:
  20   2          // no action!
  21   2          break;
  22   2        case 1:
  23   2          Raid_setSimulateFailure(raid_failure_lo);
  24   2          break;
  25   2        case 2:
  26   2          Raid_setSimulateFailure(raid_failure_hi);
  27   2          break;
  28   2        case 3:
  29   2          Raid_write(0, g_uc_MPPT_MODE);
  30   2          Raid_write(1, g_uc_MPPT_STEP);
  31   2          break;
  32   2        case 4:
  33   2          Raid_writeChars(1, &g_us_I_PS_COMM, sizeof g_us_I_PS_COMM);
  34   2          Raid_writeChars(g_uc_MPPT_MODE, &g_us_V_PS_COMM, sizeof g_us_V_PS_COMM);
  35   2          break;
  36   2        case 5:
  37   2          EEPROM_Write(0, g_uc_MPPT_MODE);
  38   2          EEPROM_Write(1, g_uc_MPPT_STEP);
  39   2          break;
  40   2        case 9:
  41   2          Raid_resetScratchPad(1);
  42   2          break;
  43   2        case 10:
  44   2          Reset_raid_counters();
  45   2          break;
  46   2        }
  47   1        g_c_RAID_ACTION = 0;
  48   1      }
  49          


MODULE INFORMATION:   STATIC OVERLAYABLE
   CODE SIZE        =    191    ----
   CONSTANT SIZE    =   ----    ----
   XDATA SIZE       =     39    ----
C51 COMPILER V9.02   PWRS_CALIBRATION                                                      12/28/2012 14:31:20 PAGE 2   

   PDATA SIZE       =   ----    ----
   DATA SIZE        =   ----    ----
   IDATA SIZE       =   ----    ----
   BIT SIZE         =   ----    ----
END OF MODULE INFORMATION.


C51 COMPILATION COMPLETE.  0 WARNING(S),  0 ERROR(S)
