C51 COMPILER V9.02   PWRS_DEBUG                                                            12/28/2012 23:30:43 PAGE 1   


C51 COMPILER V9.02, COMPILATION OF MODULE PWRS_DEBUG
OBJECT MODULE PLACED IN PWRS_debug.OBJ
COMPILER INVOKED BY: C:\Keil\C51\BIN\C51.EXE PWRS_debug.c LARGE OPTIMIZE(0,SIZE) BROWSE DEBUG OBJECTEXTEND

line level    source

   1          // code by ntu ael
   2          
   3          #include <c8051F120.h>
   4          #include <string.h>
   5          #include <stdio.h>
   6          
   7          #include "Mccif_xdata.h"
   8          
   9          #include "obdh_globalvariables.h"
  10          
  11          void Debug_print() {
  12   1        Mccif_downlinkXdata(500, 1, &g_uc_OBDH_MODE);
  13   1      }


MODULE INFORMATION:   STATIC OVERLAYABLE
   CODE SIZE        =     18    ----
   CONSTANT SIZE    =   ----    ----
   XDATA SIZE       =   ----    ----
   PDATA SIZE       =   ----    ----
   DATA SIZE        =   ----    ----
   IDATA SIZE       =   ----    ----
   BIT SIZE         =   ----    ----
END OF MODULE INFORMATION.


C51 COMPILATION COMPLETE.  0 WARNING(S),  0 ERROR(S)
