C51 COMPILER V9.02   STATE_FERRYCCT                                                        05/20/2014 11:03:52 PAGE 1   


C51 COMPILER V9.02, COMPILATION OF MODULE STATE_FERRYCCT
OBJECT MODULE PLACED IN state_ferryCct.OBJ
COMPILER INVOKED BY: C:\Keil\C51\BIN\C51.EXE state_ferryCct.c LARGE OPTIMIZE(0,SPEED) BROWSE DEBUG OBJECTEXTEND

line level    source

   1          // code by ntu ael
   2          
   3          #include <string.h>
   4          //#include <stdio.h>
   5          
   6          #include "shared_general.h"
   7          #include "shared_pwrs.h"
   8          
   9          #include "hash_blob.h"
  10          
  11          #include "obdh_constant.h"
  12          #include "obdh_globalvariables.h"
  13          #include "obdh_recon.h"
  14          
  15          #include "state_util.h"
  16          
  17          char State_ferryCct(char* subtask) {
  18   1        char release = 0; // default return choice: do not release state, unless specific set (see release = 1; 
             -instruction below)
  19   1        char value;
  20   1        short length;
  21   1        switch (*subtask) {
  22   2        case 0: // sending request
  23   2          if (SDCard_isAvailable()) {
  24   3            StateUtil_pokeRequestXdata(PWRS_ADDRESS, XDATA_PWRS_CAM_AVAILABLE, 1);
  25   3            ++*subtask;
  26   3          } else
  27   2            release = 1;
  28   2          break;
  29   2        case 1: // waiting for reply
  30   2          if (StateUtil_peek(&length, &release) == reply_success) {
  31   3            if (i2c_rxbuffer[MCCIF_DATA_OFFSET + 0]) { // contains cct_isAvailable
  32   4              StateUtil_pokeRequestXdata(PWRS_ADDRESS, XDATA_PWRS_BIN_OFFSET, XDATA_PWRS_BIN_LENGTH);
  33   4              ++*subtask;
  34   4            } else
  35   3              release = 1;
  36   3          }
  37   2          break;
  38   2        case 2: // waiting for reply
  39   2          if (StateUtil_peek(&length, &release) == reply_success) {
  40   3            Hash_putBlob(i2c_rxbuffer, length);
  41   3            Recon_debugPrint(i2c_rxbuffer, length);
  42   3            value = 0;
  43   3            StateUtil_pokeSetXdata(PWRS_ADDRESS, XDATA_PWRS_CAM_AVAILABLE, 1, &value);
  44   3            ++*subtask;
  45   3          }
  46   2          break;
  47   2        case 3:
  48   2          if (StateUtil_peek(&length, &release) == reply_success)
  49   2            release = 1;
  50   2          break;
  51   2        }
  52   1        return release;
  53   1      }

C51 COMPILER V9.02   STATE_FERRYCCT                                                        05/20/2014 11:03:52 PAGE 2   


MODULE INFORMATION:   STATIC OVERLAYABLE
   CODE SIZE        =    380    ----
   CONSTANT SIZE    =   ----    ----
   XDATA SIZE       =      7    ----
   PDATA SIZE       =   ----    ----
   DATA SIZE        =   ----    ----
   IDATA SIZE       =   ----    ----
   BIT SIZE         =   ----    ----
END OF MODULE INFORMATION.


C51 COMPILATION COMPLETE.  0 WARNING(S),  0 ERROR(S)
