C51 COMPILER V9.02   VELOX_RUNTIME                                                         05/20/2014 11:03:53 PAGE 1   


C51 COMPILER V9.02, COMPILATION OF MODULE VELOX_RUNTIME
OBJECT MODULE PLACED IN Velox_runtime.OBJ
COMPILER INVOKED BY: C:\Keil\C51\BIN\C51.EXE Velox_runtime.c LARGE OPTIMIZE(0,SPEED) BROWSE DEBUG OBJECTEXTEND

line level    source

   1          // code by ntu ael
   2          
   3          #include "Velox_runtime.h"
   4          #include "Velox_uptime.h"
   5          
   6          void Runtime_fromNow(Runtime* runtime) {
   7   1        runtime->from_clock = uptime.session;
   8   1      }
   9          
  10          char Runtime_hasExpired(Runtime* runtime) {
  11   1        return runtime->from_clock + (unsigned long) runtime->delay < uptime.session;
  12   1      }


MODULE INFORMATION:   STATIC OVERLAYABLE
   CODE SIZE        =    130    ----
   CONSTANT SIZE    =   ----    ----
   XDATA SIZE       =      6    ----
   PDATA SIZE       =   ----    ----
   DATA SIZE        =   ----    ----
   IDATA SIZE       =   ----    ----
   BIT SIZE         =   ----    ----
END OF MODULE INFORMATION.


C51 COMPILATION COMPLETE.  0 WARNING(S),  0 ERROR(S)
