C51 COMPILER V9.02   VELOX_BEACON                                                          05/20/2014 11:03:53 PAGE 1   


C51 COMPILER V9.02, COMPILATION OF MODULE VELOX_BEACON
OBJECT MODULE PLACED IN Velox_beacon.OBJ
COMPILER INVOKED BY: C:\Keil\C51\BIN\C51.EXE Velox_beacon.c LARGE OPTIMIZE(0,SPEED) BROWSE DEBUG OBJECTEXTEND

line level    source

   1          // code by ntu ael
   2          
   3          #include <c8051F120.h>
   4          #include <math.h>
   5          #include <string.h>
   6          
   7          #include "Velox_macros.h"
   8          
   9          #define BEACON_NUMEL  16
  10          #define BEACON_LAST   15
  11          
  12          #if BEACON_LAST != BEACON_NUMEL - 1
              #error "out of sync: beacon last"
              #endif
  15          
  16          // C, D, F, G, J, L, P, Q, Y, Z, 0, 2, 4, 6, 7, 8
  17          // .  .  .  .           .     .     .  .  .     . // characters marked with . also exist on veloxp
  18          // Important: the character E shall not be part of the beacon_alphabet since it's only a DOT, i.e. '.' and
             - hard to isolate from noise!
  19          char code beacon_alphabet[BEACON_NUMEL + 1] = "24678ACDFGJLPQYZ"; // +1 is required for 0 terminator, i.e.
             - one extra char at the end
  20          #define BEACON_UNASSIGNED_CHAR   '0'
  21          
  22          void Beacon_setUnassigned(void* buffer, char length) {
  23   1        memset(buffer, BEACON_UNASSIGNED_CHAR, length);
  24   1      }
  25          
  26          char Beacon_identity(char value) {
  27   1        return beacon_alphabet[min(max(0, value), BEACON_LAST)]; // range check for safety
  28   1      }
  29          
  30          char Beacon_linear(float lo, float value, float hi) {
  31   1        float interp;
  32   1        if (hi <= value)
  33   1          return beacon_alphabet[BEACON_LAST];
  34   1        interp = (value - lo) / ((hi - 1) - lo);
  35   1        interp = min(max(0.0, interp), 1.0);
  36   1        return beacon_alphabet[(char) ceil(interp * (BEACON_LAST - 1))];
  37   1      }


MODULE INFORMATION:   STATIC OVERLAYABLE
   CODE SIZE        =    458    ----
   CONSTANT SIZE    =     17    ----
   XDATA SIZE       =     21    ----
   PDATA SIZE       =   ----    ----
   DATA SIZE        =   ----    ----
   IDATA SIZE       =   ----    ----
   BIT SIZE         =   ----    ----
END OF MODULE INFORMATION.


C51 COMPILATION COMPLETE.  0 WARNING(S),  0 ERROR(S)
