C51 COMPILER V9.02   VELOX_UART                                                            05/20/2014 11:03:53 PAGE 1   


C51 COMPILER V9.02, COMPILATION OF MODULE VELOX_UART
OBJECT MODULE PLACED IN Velox_uart.OBJ
COMPILER INVOKED BY: C:\Keil\C51\BIN\C51.EXE Velox_uart.c LARGE OPTIMIZE(0,SPEED) BROWSE DEBUG OBJECTEXTEND

line level    source

   1          // code by ntu ael
   2          
   3          #include "C8051_UART0.h"
   4          #include "C8051_UART1.h"
   5          
   6          char Uart_pollChars(char port, void* buffer, short length) {
   7   1        switch (port) {
   8   2        case 0:
   9   2          return UART0_pollChars(buffer, length);
  10   2        case 1:
  11   2          return UART1_pollChars(buffer, length);
  12   2        }
  13   1        return 0;
  14   1      }
  15          
  16          void Uart_advance(char port, short length) {
  17   1        switch (port) {
  18   2        case 0:
  19   2          UART0_advance(length);
  20   2          break;
  21   2        case 1:
  22   2          UART1_advance(length);
  23   2          break;
  24   2        }
  25   1      }
  26          
  27          void Uart_putChars(char port, void* buffer, short length) {
  28   1        switch (port) {
  29   2        case 0:
  30   2          UART0_putChars(buffer, length);
  31   2          break;
  32   2        case 1:
  33   2          UART1_putChars(buffer, length);
  34   2          break;
  35   2        }
  36   1      }
  37          


MODULE INFORMATION:   STATIC OVERLAYABLE
   CODE SIZE        =    221    ----
   CONSTANT SIZE    =   ----    ----
   XDATA SIZE       =     15    ----
   PDATA SIZE       =   ----    ----
   DATA SIZE        =   ----    ----
   IDATA SIZE       =   ----    ----
   BIT SIZE         =   ----    ----
END OF MODULE INFORMATION.


C51 COMPILATION COMPLETE.  0 WARNING(S),  0 ERROR(S)
